

============================= LOG ================================



=================================================================
gmri hcp2 \
  --basefolder="/gpfs/project/fas/n3/Studies/BSNIP/subjects_postFSadjust_15_25" \
  --queue="LSF" \
  --subjects="/gpfs/project/fas/n3/Studies/BSNIP/subjects_postFSadjust_15_25/lists/subjects.preprocessing.bsnip.grace.N59.postFSadjust.rerun.param" \
  --test="True" \
  --cores="20" \
  --hcp_expert_file="/gpfs/project/fas/n3/Studies/BSNIP/fcMRI/expert_15_25.opts" \
  --LSF_options="cores=20,mem=200000,walltime=650:00,queue=anticevic" \
  --overwrite="yes" \
  --nprocess="1000" \
=================================================================

Running test on /gpfs/project/fas/n3/Studies/BSNIP/subjects_postFSadjust_15_25/lists/subjects.preprocessing.bsnip.grace.N59.postFSadjust.rerun.param ...


---------------------------------------------------------
Subject id: S0199PHT2 
[started on Sunday, 26. February 2017 15:46:09]

Test running HCP FreeSurfer Pipeline ...

---> T1w image file present.
---> Not using T2w image.
---> PreFS results present.
---> HCP FS completed

HCP FS test completed on Sunday, 26. February 2017 15:46:09
---------------------------------------------------------

---------------------------------------------------------
Subject id: S0428SHN1 
[started on Sunday, 26. February 2017 15:46:09]

Test running HCP FreeSurfer Pipeline ...

---> T1w image file present.
---> Not using T2w image.
---> PreFS results present.
---> HCP FS completed

HCP FS test completed on Sunday, 26. February 2017 15:46:09
---------------------------------------------------------

---------------------------------------------------------
Subject id: S0842PCT3 
[started on Sunday, 26. February 2017 15:46:09]

Test running HCP FreeSurfer Pipeline ...

---> T1w image file present.
---> Not using T2w image.
---> PreFS results present.
---> HCP FS completed

HCP FS test completed on Sunday, 26. February 2017 15:46:09
---------------------------------------------------------

---------------------------------------------------------
Subject id: S1007PAA1 
[started on Sunday, 26. February 2017 15:46:09]

Test running HCP FreeSurfer Pipeline ...

---> T1w image file present.
---> Not using T2w image.
---> PreFS results present.
---> HCP FS completed

HCP FS test completed on Sunday, 26. February 2017 15:46:09
---------------------------------------------------------

---------------------------------------------------------
Subject id: S1185KUS3 
[started on Sunday, 26. February 2017 15:46:09]

Test running HCP FreeSurfer Pipeline ...

---> T1w image file present.
---> Not using T2w image.
---> PreFS results present.
---> HCP FS completed

HCP FS test completed on Sunday, 26. February 2017 15:46:09
---------------------------------------------------------

---------------------------------------------------------
Subject id: S1251TAM1 
[started on Sunday, 26. February 2017 15:46:09]

Test running HCP FreeSurfer Pipeline ...

---> T1w image file present.
---> Not using T2w image.
---> PreFS results present.
---> HCP FS completed

HCP FS test completed on Sunday, 26. February 2017 15:46:09
---------------------------------------------------------

---------------------------------------------------------
Subject id: S1452MLX1 
[started on Sunday, 26. February 2017 15:46:09]

Test running HCP FreeSurfer Pipeline ...

---> T1w image file present.
---> Not using T2w image.
---> PreFS results present.
---> HCP FS completed

HCP FS test completed on Sunday, 26. February 2017 15:46:09
---------------------------------------------------------

---------------------------------------------------------
Subject id: S1481CYK1 
[started on Sunday, 26. February 2017 15:46:09]

Test running HCP FreeSurfer Pipeline ...

---> T1w image file present.
---> Not using T2w image.
---> PreFS results present.
---> HCP FS completed

HCP FS test completed on Sunday, 26. February 2017 15:46:09
---------------------------------------------------------

---------------------------------------------------------
Subject id: S1653KEM1 
[started on Sunday, 26. February 2017 15:46:09]

Test running HCP FreeSurfer Pipeline ...

---> T1w image file present.
---> Not using T2w image.
---> PreFS results present.
---> HCP FS completed

HCP FS test completed on Sunday, 26. February 2017 15:46:09
---------------------------------------------------------

---------------------------------------------------------
Subject id: S1795PLV2 
[started on Sunday, 26. February 2017 15:46:09]

Test running HCP FreeSurfer Pipeline ...

---> T1w image file present.
---> Not using T2w image.
---> PreFS results present.
---> HCP FS completed

HCP FS test completed on Sunday, 26. February 2017 15:46:09
---------------------------------------------------------

---------------------------------------------------------
Subject id: S1845YEN1 
[started on Sunday, 26. February 2017 15:46:09]

Test running HCP FreeSurfer Pipeline ...

---> T1w image file present.
---> Not using T2w image.
---> PreFS results present.
---> HCP FS completed

HCP FS test completed on Sunday, 26. February 2017 15:46:09
---------------------------------------------------------

---------------------------------------------------------
Subject id: S1861KEX1 
[started on Sunday, 26. February 2017 15:46:09]

Test running HCP FreeSurfer Pipeline ...

---> T1w image file present.
---> Not using T2w image.
---> PreFS results present.
---> HCP FS completed

HCP FS test completed on Sunday, 26. February 2017 15:46:09
---------------------------------------------------------

---------------------------------------------------------
Subject id: S1973WRE1 
[started on Sunday, 26. February 2017 15:46:09]

Test running HCP FreeSurfer Pipeline ...

---> T1w image file present.
---> Not using T2w image.
---> PreFS results present.
---> HCP FS completed

HCP FS test completed on Sunday, 26. February 2017 15:46:09
---------------------------------------------------------

---------------------------------------------------------
Subject id: S2133HUV4 
[started on Sunday, 26. February 2017 15:46:09]

Test running HCP FreeSurfer Pipeline ...

---> T1w image file present.
---> Not using T2w image.
---> PreFS results present.
---> HCP FS completed

HCP FS test completed on Sunday, 26. February 2017 15:46:09
---------------------------------------------------------

---------------------------------------------------------
Subject id: S2711QGQ1 
[started on Sunday, 26. February 2017 15:46:09]

Test running HCP FreeSurfer Pipeline ...

---> T1w image file present.
---> Not using T2w image.
---> PreFS results present.
---> HCP FS completed

HCP FS test completed on Sunday, 26. February 2017 15:46:09
---------------------------------------------------------

---------------------------------------------------------
Subject id: S2739BBK1 
[started on Sunday, 26. February 2017 15:46:09]

Test running HCP FreeSurfer Pipeline ...

---> T1w image file present.
---> Not using T2w image.
---> PreFS results present.
---> HCP FS completed

HCP FS test completed on Sunday, 26. February 2017 15:46:09
---------------------------------------------------------

---------------------------------------------------------
Subject id: S2986KXH1 
[started on Sunday, 26. February 2017 15:46:09]

Test running HCP FreeSurfer Pipeline ...

---> T1w image file present.
---> Not using T2w image.
---> PreFS results present.
---> HCP FS completed

HCP FS test completed on Sunday, 26. February 2017 15:46:09
---------------------------------------------------------

---------------------------------------------------------
Subject id: S3007SBE1 
[started on Sunday, 26. February 2017 15:46:09]

Test running HCP FreeSurfer Pipeline ...

---> T1w image file present.
---> Not using T2w image.
---> PreFS results present.
---> HCP FS completed

HCP FS test completed on Sunday, 26. February 2017 15:46:09
---------------------------------------------------------

---------------------------------------------------------
Subject id: S3182OTN1 
[started on Sunday, 26. February 2017 15:46:09]

Test running HCP FreeSurfer Pipeline ...

---> T1w image file present.
---> Not using T2w image.
---> PreFS results present.
---> HCP FS completed

HCP FS test completed on Sunday, 26. February 2017 15:46:09
---------------------------------------------------------

---------------------------------------------------------
Subject id: S3271JHO1 
[started on Sunday, 26. February 2017 15:46:09]

Test running HCP FreeSurfer Pipeline ...

---> T1w image file present.
---> Not using T2w image.
---> PreFS results present.
---> HCP FS completed

HCP FS test completed on Sunday, 26. February 2017 15:46:09
---------------------------------------------------------

---------------------------------------------------------
Subject id: S3389JJI3 
[started on Sunday, 26. February 2017 15:46:09]

Test running HCP FreeSurfer Pipeline ...

---> T1w image file present.
---> Not using T2w image.
---> PreFS results present.
---> HCP FS completed

HCP FS test completed on Sunday, 26. February 2017 15:46:09
---------------------------------------------------------

---------------------------------------------------------
Subject id: S3425IWD1 
[started on Sunday, 26. February 2017 15:46:09]

Test running HCP FreeSurfer Pipeline ...

---> T1w image file present.
---> Not using T2w image.
---> PreFS results present.
---> HCP FS completed

HCP FS test completed on Sunday, 26. February 2017 15:46:09
---------------------------------------------------------

---------------------------------------------------------
Subject id: S3502VNH2 
[started on Sunday, 26. February 2017 15:46:09]

Test running HCP FreeSurfer Pipeline ...

---> T1w image file present.
---> Not using T2w image.
---> PreFS results present.
---> HCP FS completed

HCP FS test completed on Sunday, 26. February 2017 15:46:09
---------------------------------------------------------

---------------------------------------------------------
Subject id: S3529KHA1 
[started on Sunday, 26. February 2017 15:46:09]

Test running HCP FreeSurfer Pipeline ...

---> T1w image file present.
---> Not using T2w image.
---> PreFS results present.
---> HCP FS completed

HCP FS test completed on Sunday, 26. February 2017 15:46:09
---------------------------------------------------------

---------------------------------------------------------
Subject id: S3591OWB1 
[started on Sunday, 26. February 2017 15:46:09]

Test running HCP FreeSurfer Pipeline ...

---> T1w image file present.
---> Not using T2w image.
---> PreFS results present.
---> HCP FS completed

HCP FS test completed on Sunday, 26. February 2017 15:46:09
---------------------------------------------------------

---------------------------------------------------------
Subject id: S3809UGR3 
[started on Sunday, 26. February 2017 15:46:09]

Test running HCP FreeSurfer Pipeline ...

---> T1w image file present.
---> Not using T2w image.
---> PreFS results present.
---> HCP FS completed

HCP FS test completed on Sunday, 26. February 2017 15:46:09
---------------------------------------------------------

---------------------------------------------------------
Subject id: S3827UGP1 
[started on Sunday, 26. February 2017 15:46:09]

Test running HCP FreeSurfer Pipeline ...

---> T1w image file present.
---> Not using T2w image.
---> PreFS results present.
---> HCP FS completed

HCP FS test completed on Sunday, 26. February 2017 15:46:09
---------------------------------------------------------

---------------------------------------------------------
Subject id: S3841LHL1 
[started on Sunday, 26. February 2017 15:46:09]

Test running HCP FreeSurfer Pipeline ...

---> T1w image file present.
---> Not using T2w image.
---> PreFS results present.
---> HCP FS completed

HCP FS test completed on Sunday, 26. February 2017 15:46:09
---------------------------------------------------------

---------------------------------------------------------
Subject id: S4048LKF1 
[started on Sunday, 26. February 2017 15:46:09]

Test running HCP FreeSurfer Pipeline ...

---> T1w image file present.
---> Not using T2w image.
---> PreFS results present.
---> HCP FS completed

HCP FS test completed on Sunday, 26. February 2017 15:46:09
---------------------------------------------------------

---------------------------------------------------------
Subject id: S4077NYM3 
[started on Sunday, 26. February 2017 15:46:09]

Test running HCP FreeSurfer Pipeline ...

---> T1w image file present.
---> Not using T2w image.
---> PreFS results present.
---> HCP FS completed

HCP FS test completed on Sunday, 26. February 2017 15:46:09
---------------------------------------------------------

---------------------------------------------------------
Subject id: S4090DGW1 
[started on Sunday, 26. February 2017 15:46:09]

Test running HCP FreeSurfer Pipeline ...

---> T1w image file present.
---> Not using T2w image.
---> PreFS results present.
---> HCP FS completed

HCP FS test completed on Sunday, 26. February 2017 15:46:09
---------------------------------------------------------

---------------------------------------------------------
Subject id: S4183GXY1 
[started on Sunday, 26. February 2017 15:46:09]

Test running HCP FreeSurfer Pipeline ...

---> T1w image file present.
---> Not using T2w image.
---> PreFS results present.
---> HCP FS completed

HCP FS test completed on Sunday, 26. February 2017 15:46:09
---------------------------------------------------------

---------------------------------------------------------
Subject id: S4252XTK1 
[started on Sunday, 26. February 2017 15:46:09]

Test running HCP FreeSurfer Pipeline ...

---> T1w image file present.
---> Not using T2w image.
---> PreFS results present.
---> HCP FS completed

HCP FS test completed on Sunday, 26. February 2017 15:46:09
---------------------------------------------------------

---------------------------------------------------------
Subject id: S4470LLB1 
[started on Sunday, 26. February 2017 15:46:09]

Test running HCP FreeSurfer Pipeline ...

---> T1w image file present.
---> Not using T2w image.
---> PreFS results present.
---> HCP FS completed

HCP FS test completed on Sunday, 26. February 2017 15:46:09
---------------------------------------------------------

---------------------------------------------------------
Subject id: S4622KFX1 
[started on Sunday, 26. February 2017 15:46:09]

Test running HCP FreeSurfer Pipeline ...

---> T1w image file present.
---> Not using T2w image.
---> PreFS results present.
---> HCP FS completed

HCP FS test completed on Sunday, 26. February 2017 15:46:09
---------------------------------------------------------

---------------------------------------------------------
Subject id: S4676NLP4 
[started on Sunday, 26. February 2017 15:46:09]

Test running HCP FreeSurfer Pipeline ...

---> T1w image file present.
---> Not using T2w image.
---> PreFS results present.
---> HCP FS completed

HCP FS test completed on Sunday, 26. February 2017 15:46:09
---------------------------------------------------------

---------------------------------------------------------
Subject id: S4747HJA1 
[started on Sunday, 26. February 2017 15:46:09]

Test running HCP FreeSurfer Pipeline ...

---> T1w image file present.
---> Not using T2w image.
---> PreFS results present.
---> HCP FS completed

HCP FS test completed on Sunday, 26. February 2017 15:46:09
---------------------------------------------------------

---------------------------------------------------------
Subject id: S4799MOH1 
[started on Sunday, 26. February 2017 15:46:09]

Test running HCP FreeSurfer Pipeline ...

---> T1w image file present.
---> Not using T2w image.
---> PreFS results present.
---> HCP FS completed

HCP FS test completed on Sunday, 26. February 2017 15:46:09
---------------------------------------------------------

---------------------------------------------------------
Subject id: S5049DSL3 
[started on Sunday, 26. February 2017 15:46:09]

Test running HCP FreeSurfer Pipeline ...

---> T1w image file present.
---> Not using T2w image.
---> PreFS results present.
---> HCP FS completed

HCP FS test completed on Sunday, 26. February 2017 15:46:09
---------------------------------------------------------

---------------------------------------------------------
Subject id: S5109ARB1 
[started on Sunday, 26. February 2017 15:46:09]

Test running HCP FreeSurfer Pipeline ...

---> T1w image file present.
---> Not using T2w image.
---> PreFS results present.
---> HCP FS completed

HCP FS test completed on Sunday, 26. February 2017 15:46:09
---------------------------------------------------------

---------------------------------------------------------
Subject id: S5172SXM1 
[started on Sunday, 26. February 2017 15:46:09]

Test running HCP FreeSurfer Pipeline ...

---> T1w image file present.
---> Not using T2w image.
---> PreFS results present.
---> HCP FS completed

HCP FS test completed on Sunday, 26. February 2017 15:46:09
---------------------------------------------------------

---------------------------------------------------------
Subject id: S5186EYF1 
[started on Sunday, 26. February 2017 15:46:09]

Test running HCP FreeSurfer Pipeline ...

---> T1w image file present.
---> Not using T2w image.
---> PreFS results present.
---> HCP FS completed

HCP FS test completed on Sunday, 26. February 2017 15:46:09
---------------------------------------------------------

---------------------------------------------------------
Subject id: S5273ALO1 
[started on Sunday, 26. February 2017 15:46:09]

Test running HCP FreeSurfer Pipeline ...

---> T1w image file present.
---> Not using T2w image.
---> PreFS results present.
---> HCP FS completed

HCP FS test completed on Sunday, 26. February 2017 15:46:09
---------------------------------------------------------

---------------------------------------------------------
Subject id: S5331PHP1 
[started on Sunday, 26. February 2017 15:46:09]

Test running HCP FreeSurfer Pipeline ...

---> T1w image file present.
---> Not using T2w image.
---> PreFS results present.
---> HCP FS completed

HCP FS test completed on Sunday, 26. February 2017 15:46:09
---------------------------------------------------------

---------------------------------------------------------
Subject id: S5486RLB1 
[started on Sunday, 26. February 2017 15:46:09]

Test running HCP FreeSurfer Pipeline ...

---> T1w image file present.
---> Not using T2w image.
---> PreFS results present.
---> HCP FS completed

HCP FS test completed on Sunday, 26. February 2017 15:46:09
---------------------------------------------------------

---------------------------------------------------------
Subject id: S5753YJP1 
[started on Sunday, 26. February 2017 15:46:09]

Test running HCP FreeSurfer Pipeline ...

---> T1w image file present.
---> Not using T2w image.
---> PreFS results present.
---> HCP FS completed

HCP FS test completed on Sunday, 26. February 2017 15:46:09
---------------------------------------------------------

---------------------------------------------------------
Subject id: S6045DDH2 
[started on Sunday, 26. February 2017 15:46:09]

Test running HCP FreeSurfer Pipeline ...

---> T1w image file present.
---> Not using T2w image.
---> PreFS results present.
---> HCP FS completed

HCP FS test completed on Sunday, 26. February 2017 15:46:09
---------------------------------------------------------

---------------------------------------------------------
Subject id: S6105QCL2 
[started on Sunday, 26. February 2017 15:46:09]

Test running HCP FreeSurfer Pipeline ...

---> T1w image file present.
---> Not using T2w image.
---> PreFS results present.
---> HCP FS completed

HCP FS test completed on Sunday, 26. February 2017 15:46:09
---------------------------------------------------------

---------------------------------------------------------
Subject id: S6226EAQ1 
[started on Sunday, 26. February 2017 15:46:09]

Test running HCP FreeSurfer Pipeline ...

---> T1w image file present.
---> Not using T2w image.
---> PreFS results present.
---> HCP FS completed

HCP FS test completed on Sunday, 26. February 2017 15:46:09
---------------------------------------------------------

---------------------------------------------------------
Subject id: S6803KLV2 
[started on Sunday, 26. February 2017 15:46:09]

Test running HCP FreeSurfer Pipeline ...

---> T1w image file present.
---> Not using T2w image.
---> PreFS results present.
---> HCP FS completed

HCP FS test completed on Sunday, 26. February 2017 15:46:09
---------------------------------------------------------

---------------------------------------------------------
Subject id: S6949BYI1 
[started on Sunday, 26. February 2017 15:46:09]

Test running HCP FreeSurfer Pipeline ...

---> T1w image file present.
---> Not using T2w image.
---> PreFS results present.
---> HCP FS completed

HCP FS test completed on Sunday, 26. February 2017 15:46:09
---------------------------------------------------------

---------------------------------------------------------
Subject id: S7406QHV1 
[started on Sunday, 26. February 2017 15:46:09]

Test running HCP FreeSurfer Pipeline ...

---> T1w image file present.
---> Not using T2w image.
---> PreFS results present.
---> HCP FS completed

HCP FS test completed on Sunday, 26. February 2017 15:46:09
---------------------------------------------------------

---------------------------------------------------------
Subject id: S8343KNF2 
[started on Sunday, 26. February 2017 15:46:09]

Test running HCP FreeSurfer Pipeline ...

---> T1w image file present.
---> Not using T2w image.
---> PreFS results present.
---> HCP FS completed

HCP FS test completed on Sunday, 26. February 2017 15:46:09
---------------------------------------------------------

---------------------------------------------------------
Subject id: S8440HOR1 
[started on Sunday, 26. February 2017 15:46:09]

Test running HCP FreeSurfer Pipeline ...

---> T1w image file present.
---> Not using T2w image.
---> PreFS results present.
---> HCP FS completed

HCP FS test completed on Sunday, 26. February 2017 15:46:09
---------------------------------------------------------

---------------------------------------------------------
Subject id: S8604KKU1 
[started on Sunday, 26. February 2017 15:46:09]

Test running HCP FreeSurfer Pipeline ...

---> T1w image file present.
---> Not using T2w image.
---> PreFS results present.
---> HCP FS completed

HCP FS test completed on Sunday, 26. February 2017 15:46:09
---------------------------------------------------------

---------------------------------------------------------
Subject id: S8796PDH1 
[started on Sunday, 26. February 2017 15:46:09]

Test running HCP FreeSurfer Pipeline ...

---> T1w image file present.
---> Not using T2w image.
---> PreFS results present.
---> HCP FS completed

HCP FS test completed on Sunday, 26. February 2017 15:46:09
---------------------------------------------------------

---------------------------------------------------------
Subject id: S9655WAL1 
[started on Sunday, 26. February 2017 15:46:09]

Test running HCP FreeSurfer Pipeline ...

---> T1w image file present.
---> Not using T2w image.
---> PreFS results present.
---> HCP FS completed

HCP FS test completed on Sunday, 26. February 2017 15:46:09
---------------------------------------------------------

---------------------------------------------------------
Subject id: S9680AAL2 
[started on Sunday, 26. February 2017 15:46:09]

Test running HCP FreeSurfer Pipeline ...

---> T1w image file present.
---> Not using T2w image.
---> PreFS results present.
---> HCP FS completed

HCP FS test completed on Sunday, 26. February 2017 15:46:09
---------------------------------------------------------

---------------------------------------------------------
Subject id: S9849QJP1 
[started on Sunday, 26. February 2017 15:46:09]

Test running HCP FreeSurfer Pipeline ...

---> T1w image file present.
---> Not using T2w image.
---> PreFS results present.
---> HCP FS completed

HCP FS test completed on Sunday, 26. February 2017 15:46:09
---------------------------------------------------------
